<?xml version="1.0" encoding="UTF-8"?>
<!-- Generated by org.testng.reporters.JUnitReportReporter -->
<testsuite skipped="0" hostname="Rupom-Rups" name="cucumberOptions.testRunner" tests="1" failures="0" timestamp="19 Jun 2020 08:06:17 GMT" time="5.313" errors="1">
  <testcase name="feature" time="5.313" classname="cucumberOptions.testRunner">
    <error type="cucumber.runtime.CucumberException" message="org.openqa.selenium.SessionNotCreatedException: session not created: This version of ChromeDriver only supports Chrome version 80
Build info: version: &#039;3.4.0&#039;, revision: &#039;unknown&#039;, time: &#039;unknown&#039;
System info: host: &#039;RUPOM-RUPS&#039;, ip: &#039;192.168.0.106&#039;, os.name: &#039;Windows 8.1&#039;, os.arch: &#039;amd64&#039;, os.version: &#039;6.3&#039;, java.version: &#039;1.8.0_161&#039;
Driver info: driver.version: ChromeDriver
remote stacktrace: Backtrace:
	Ordinal0 [0x011D0C83+1707139]
	Ordinal0 [0x011368F1+1075441]
	Ordinal0 [0x010ADFC9+516041]
	Ordinal0 [0x01040554+66900]
	Ordinal0 [0x0103CCE2+52450]
	Ordinal0 [0x0105BFD7+180183]
	Ordinal0 [0x0105BDDD+179677]
	Ordinal0 [0x01059D4B+171339]
	Ordinal0 [0x01041D4A+73034]
	Ordinal0 [0x01042DC0+77248]
	Ordinal0 [0x01042D59+77145]
	Ordinal0 [0x0114BB67+1162087]
	GetHandleVerifier [0x0126A966+508998]
	GetHandleVerifier [0x0126A6A4+508292]
	GetHandleVerifier [0x0127F7B7+594583]
	GetHandleVerifier [0x0126B1D6+511158]
	Ordinal0 [0x0114402C+1130540]
	Ordinal0 [0x0114D4CB+1168587]
	Ordinal0 [0x0114D633+1168947]
	Ordinal0 [0x01165B35+1268533]
	BaseThreadInitThunk [0x76D6919F+14]
	RtlInitializeExceptionChain [0x76FBAD8F+143]
	RtlInitializeExceptionChain [0x76FBAD5A+90]
">
      <![CDATA[cucumber.runtime.CucumberException: org.openqa.selenium.SessionNotCreatedException: session not created: This version of ChromeDriver only supports Chrome version 80
Build info: version: '3.4.0', revision: 'unknown', time: 'unknown'
System info: host: 'RUPOM-RUPS', ip: '192.168.0.106', os.name: 'Windows 8.1', os.arch: 'amd64', os.version: '6.3', java.version: '1.8.0_161'
Driver info: driver.version: ChromeDriver
remote stacktrace: Backtrace:
Ordinal0 [0x011D0C83+1707139]
Ordinal0 [0x011368F1+1075441]
Ordinal0 [0x010ADFC9+516041]
Ordinal0 [0x01040554+66900]
Ordinal0 [0x0103CCE2+52450]
Ordinal0 [0x0105BFD7+180183]
Ordinal0 [0x0105BDDD+179677]
Ordinal0 [0x01059D4B+171339]
Ordinal0 [0x01041D4A+73034]
Ordinal0 [0x01042DC0+77248]
Ordinal0 [0x01042D59+77145]
Ordinal0 [0x0114BB67+1162087]
GetHandleVerifier [0x0126A966+508998]
GetHandleVerifier [0x0126A6A4+508292]
GetHandleVerifier [0x0127F7B7+594583]
GetHandleVerifier [0x0126B1D6+511158]
Ordinal0 [0x0114402C+1130540]
Ordinal0 [0x0114D4CB+1168587]
Ordinal0 [0x0114D633+1168947]
Ordinal0 [0x01165B35+1268533]
BaseThreadInitThunk [0x76D6919F+14]
RtlInitializeExceptionChain [0x76FBAD8F+143]
RtlInitializeExceptionChain [0x76FBAD5A+90]

at cucumber.api.testng.TestNGCucumberRunner.runCucumber(TestNGCucumberRunner.java:69)
at cucumber.api.testng.AbstractTestNGCucumberTests.feature(AbstractTestNGCucumberTests.java:21)
at sun.reflect.NativeMethodAccessorImpl.invoke0(Native Method)
at sun.reflect.NativeMethodAccessorImpl.invoke(NativeMethodAccessorImpl.java:62)
at sun.reflect.DelegatingMethodAccessorImpl.invoke(DelegatingMethodAccessorImpl.java:43)
at java.lang.reflect.Method.invoke(Method.java:498)
at org.testng.internal.MethodInvocationHelper.invokeMethod(MethodInvocationHelper.java:124)
at org.testng.internal.Invoker.invokeMethod(Invoker.java:580)
at org.testng.internal.Invoker.invokeTestMethod(Invoker.java:716)
at org.testng.internal.Invoker.invokeTestMethods(Invoker.java:988)
at org.testng.internal.TestMethodWorker.invokeTestMethods(TestMethodWorker.java:125)
at org.testng.internal.TestMethodWorker.run(TestMethodWorker.java:109)
at org.testng.TestRunner.privateRun(TestRunner.java:648)
at org.testng.TestRunner.run(TestRunner.java:505)
at org.testng.SuiteRunner.runTest(SuiteRunner.java:455)
at org.testng.SuiteRunner.runSequentially(SuiteRunner.java:450)
at org.testng.SuiteRunner.privateRun(SuiteRunner.java:415)
at org.testng.SuiteRunner.run(SuiteRunner.java:364)
at org.testng.SuiteRunnerWorker.runSuite(SuiteRunnerWorker.java:52)
at org.testng.SuiteRunnerWorker.run(SuiteRunnerWorker.java:84)
at org.testng.TestNG.runSuitesSequentially(TestNG.java:1208)
at org.testng.TestNG.runSuitesLocally(TestNG.java:1137)
at org.testng.TestNG.runSuites(TestNG.java:1049)
at org.testng.TestNG.run(TestNG.java:1017)
at org.testng.remote.AbstractRemoteTestNG.run(AbstractRemoteTestNG.java:114)
at org.testng.remote.RemoteTestNG.initAndRun(RemoteTestNG.java:251)
at org.testng.remote.RemoteTestNG.main(RemoteTestNG.java:77)
Caused by: org.openqa.selenium.SessionNotCreatedException: session not created: This version of ChromeDriver only supports Chrome version 80
Build info: version: '3.4.0', revision: 'unknown', time: 'unknown'
System info: host: 'RUPOM-RUPS', ip: '192.168.0.106', os.name: 'Windows 8.1', os.arch: 'amd64', os.version: '6.3', java.version: '1.8.0_161'
Driver info: driver.version: ChromeDriver
remote stacktrace: Backtrace:
Ordinal0 [0x011D0C83+1707139]
Ordinal0 [0x011368F1+1075441]
Ordinal0 [0x010ADFC9+516041]
Ordinal0 [0x01040554+66900]
Ordinal0 [0x0103CCE2+52450]
Ordinal0 [0x0105BFD7+180183]
Ordinal0 [0x0105BDDD+179677]
Ordinal0 [0x01059D4B+171339]
Ordinal0 [0x01041D4A+73034]
Ordinal0 [0x01042DC0+77248]
Ordinal0 [0x01042D59+77145]
Ordinal0 [0x0114BB67+1162087]
GetHandleVerifier [0x0126A966+508998]
GetHandleVerifier [0x0126A6A4+508292]
GetHandleVerifier [0x0127F7B7+594583]
GetHandleVerifier [0x0126B1D6+511158]
Ordinal0 [0x0114402C+1130540]
Ordinal0 [0x0114D4CB+1168587]
Ordinal0 [0x0114D633+1168947]
Ordinal0 [0x01165B35+1268533]
BaseThreadInitThunk [0x76D6919F+14]
RtlInitializeExceptionChain [0x76FBAD8F+143]
RtlInitializeExceptionChain [0x76FBAD5A+90]

at sun.reflect.NativeConstructorAccessorImpl.newInstance0(Native Method)
at sun.reflect.NativeConstructorAccessorImpl.newInstance(NativeConstructorAccessorImpl.java:62)
at sun.reflect.DelegatingConstructorAccessorImpl.newInstance(DelegatingConstructorAccessorImpl.java:45)
at java.lang.reflect.Constructor.newInstance(Constructor.java:423)
at org.openqa.selenium.remote.W3CHandshakeResponse.lambda$new$0(W3CHandshakeResponse.java:57)
at org.openqa.selenium.remote.W3CHandshakeResponse.lambda$getResponseFunction$2(W3CHandshakeResponse.java:104)
at org.openqa.selenium.remote.ProtocolHandshake.lambda$createSession$22(ProtocolHandshake.java:365)
at java.util.stream.ReferencePipeline$3$1.accept(ReferencePipeline.java:193)
at java.util.Spliterators$ArraySpliterator.tryAdvance(Spliterators.java:958)
at java.util.stream.ReferencePipeline.forEachWithCancel(ReferencePipeline.java:126)
at java.util.stream.AbstractPipeline.copyIntoWithCancel(AbstractPipeline.java:498)
at java.util.stream.AbstractPipeline.copyInto(AbstractPipeline.java:485)
at java.util.stream.AbstractPipeline.wrapAndCopyInto(AbstractPipeline.java:471)
at java.util.stream.FindOps$FindOp.evaluateSequential(FindOps.java:152)
at java.util.stream.AbstractPipeline.evaluate(AbstractPipeline.java:234)
at java.util.stream.ReferencePipeline.findFirst(ReferencePipeline.java:464)
at org.openqa.selenium.remote.ProtocolHandshake.createSession(ProtocolHandshake.java:368)
at org.openqa.selenium.remote.ProtocolHandshake.createSession(ProtocolHandshake.java:159)
at org.openqa.selenium.remote.HttpCommandExecutor.execute(HttpCommandExecutor.java:142)
at org.openqa.selenium.remote.service.DriverCommandExecutor.execute(DriverCommandExecutor.java:82)
at org.openqa.selenium.remote.RemoteWebDriver.execute(RemoteWebDriver.java:637)
at org.openqa.selenium.remote.RemoteWebDriver.startSession(RemoteWebDriver.java:250)
at org.openqa.selenium.remote.RemoteWebDriver.startSession(RemoteWebDriver.java:236)
at org.openqa.selenium.remote.RemoteWebDriver.<init>(RemoteWebDriver.java:137)
at org.openqa.selenium.chrome.ChromeDriver.<init>(ChromeDriver.java:184)
at org.openqa.selenium.chrome.ChromeDriver.<init>(ChromeDriver.java:171)
at org.openqa.selenium.chrome.ChromeDriver.<init>(ChromeDriver.java:124)
at resources.base.initializeDriver(base.java:34)
at stepDefinations.stepDefination.initilaize_the_browser_with_chrome(stepDefination.java:18)
at ✽.Given Initilaize the browser with chrome(login.feature:5)
]]>
    </error>
  </testcase> <!-- feature -->
</testsuite> <!-- cucumberOptions.testRunner -->
